<?xml version="1.0" encoding="UTF-8"?>
<testsuite name="com.jgy.book.springboot.web.HelloControllerTest" tests="1" skipped="0" failures="0" errors="0" timestamp="2025-05-18T15:39:37.011Z" hostname="JGYui-MacBookAir.local" time="0.505">
  <properties/>
  <testcase name="helloDto가_리턴된다()" classname="com.jgy.book.springboot.web.HelloControllerTest" time="0.505"/>
  <system-out><![CDATA[00:39:36.449 [Test worker] INFO org.springframework.test.context.support.AnnotationConfigContextLoaderUtils -- Could not detect default configuration classes for test class [com.jgy.book.springboot.web.HelloControllerTest]: HelloControllerTest does not declare any static, non-private, non-final, nested classes annotated with @Configuration.
00:39:36.506 [Test worker] INFO org.springframework.boot.test.context.SpringBootTestContextBootstrapper -- Found @SpringBootConfiguration com.jgy.book.springboot.Application for test class com.jgy.book.springboot.web.HelloControllerTest

  .   ____          _            __ _ _
 /\\ / ___'_ __ _ _(_)_ __  __ _ \ \ \ \
( ( )\___ | '_ | '_| | '_ \/ _` | \ \ \ \
 \\/  ___)| |_)| | | | | || (_| |  ) ) ) )
  '  |____| .__|_| |_|_| |_\__, | / / / /
 =========|_|==============|___/=/_/_/_/

 :: Spring Boot ::                (v3.4.5)

2025-05-19T00:39:36.668+09:00  INFO 6457 --- [poyo-springboot2-webservice] [    Test worker] c.j.b.s.web.HelloControllerTest          : Starting HelloControllerTest using Java 21.0.7 with PID 6457 (started by jgy in /Users/jgy/study/poyo-springboot2-webservice)
2025-05-19T00:39:36.669+09:00  INFO 6457 --- [poyo-springboot2-webservice] [    Test worker] c.j.b.s.web.HelloControllerTest          : No active profile set, falling back to 1 default profile: "default"
2025-05-19T00:39:36.987+09:00  INFO 6457 --- [poyo-springboot2-webservice] [    Test worker] o.s.b.t.m.w.SpringBootMockServletContext : Initializing Spring TestDispatcherServlet ''
2025-05-19T00:39:36.988+09:00  INFO 6457 --- [poyo-springboot2-webservice] [    Test worker] o.s.t.web.servlet.TestDispatcherServlet  : Initializing Servlet ''
2025-05-19T00:39:36.989+09:00  INFO 6457 --- [poyo-springboot2-webservice] [    Test worker] o.s.t.web.servlet.TestDispatcherServlet  : Completed initialization in 0 ms
2025-05-19T00:39:37.007+09:00  INFO 6457 --- [poyo-springboot2-webservice] [    Test worker] c.j.b.s.web.HelloControllerTest          : Started HelloControllerTest in 0.472 seconds (process running for 0.936)
]]></system-out>
  <system-err><![CDATA[Mockito is currently self-attaching to enable the inline-mock-maker. This will no longer work in future releases of the JDK. Please add Mockito as an agent to your build what is described in Mockito's documentation: https://javadoc.io/doc/org.mockito/mockito-core/latest/org/mockito/Mockito.html#0.3
WARNING: A Java agent has been loaded dynamically (/Users/jgy/.gradle/caches/modules-2/files-2.1/net.bytebuddy/byte-buddy-agent/1.15.11/a38b16385e867f59a641330f0362ebe742788ed8/byte-buddy-agent-1.15.11.jar)
WARNING: If a serviceability tool is in use, please run with -XX:+EnableDynamicAgentLoading to hide this warning
WARNING: If a serviceability tool is not in use, please run with -Djdk.instrument.traceUsage for more information
WARNING: Dynamic loading of agents will be disallowed by default in a future release
]]></system-err>
</testsuite>
